0 info it worked if it ends with ok
<<<<<<< HEAD
1 verbose cli [ 'node', '/usr/local/bin/npm', 'start' ]
2 info using npm@2.5.1
3 info using node@v0.12.0
4 verbose run-script [ 'prestart', 'start', 'poststart' ]
5 info prestart Vowb.net@0.0.1
6 info start Vowb.net@0.0.1
7 verbose unsafe-perm in lifecycle true
8 info Vowb.net@0.0.1 Failed to exec start script
9 verbose stack Error: Vowb.net@0.0.1 start: `node ./bin/www`
9 verbose stack Exit status 1
9 verbose stack     at EventEmitter.<anonymous> (/usr/local/lib/node_modules/npm/lib/utils/lifecycle.js:213:16)
9 verbose stack     at EventEmitter.emit (events.js:110:17)
9 verbose stack     at ChildProcess.<anonymous> (/usr/local/lib/node_modules/npm/lib/utils/spawn.js:14:12)
9 verbose stack     at ChildProcess.emit (events.js:110:17)
9 verbose stack     at maybeClose (child_process.js:1008:16)
9 verbose stack     at Process.ChildProcess._handle.onexit (child_process.js:1080:5)
10 verbose pkgid Vowb.net@0.0.1
11 verbose cwd /Users/Rhys/Documents/Programming/Vowb-Net
12 error Darwin 14.1.0
13 error argv "node" "/usr/local/bin/npm" "start"
14 error node v0.12.0
15 error npm  v2.5.1
16 error code ELIFECYCLE
17 error Vowb.net@0.0.1 start: `node ./bin/www`
17 error Exit status 1
18 error Failed at the Vowb.net@0.0.1 start script 'node ./bin/www'.
18 error This is most likely a problem with the Vowb.net package,
18 error not with npm itself.
18 error Tell the author that this fails on your system:
18 error     node ./bin/www
18 error You can get their info via:
18 error     npm owner ls Vowb.net
18 error There is likely additional logging output above.
19 verbose exit [ 1, true ]
=======
1 verbose cli [ 'C:\\Program Files (x86)\\nodejs\\\\node.exe',
1 verbose cli   'C:\\Program Files (x86)\\nodejs\\node_modules\\npm\\bin\\npm-cli.js',
1 verbose cli   'start' ]
2 info using npm@2.5.1
3 info using node@v0.12.0
4 verbose node symlink C:\Program Files (x86)\nodejs\\node.exe
5 verbose run-script [ 'prestart', 'start', 'poststart' ]
6 info prestart Vowb.net@0.0.1
7 info start Vowb.net@0.0.1
8 verbose unsafe-perm in lifecycle true
9 info Vowb.net@0.0.1 Failed to exec start script
10 verbose stack Error: Vowb.net@0.0.1 start: `node ./bin/www`
10 verbose stack Exit status 1
10 verbose stack     at EventEmitter.<anonymous> (C:\Program Files (x86)\nodejs\node_modules\npm\lib\utils\lifecycle.js:213:16)
10 verbose stack     at EventEmitter.emit (events.js:110:17)
10 verbose stack     at ChildProcess.<anonymous> (C:\Program Files (x86)\nodejs\node_modules\npm\lib\utils\spawn.js:14:12)
10 verbose stack     at ChildProcess.emit (events.js:110:17)
10 verbose stack     at maybeClose (child_process.js:1008:16)
10 verbose stack     at Process.ChildProcess._handle.onexit (child_process.js:1080:5)
11 verbose pkgid Vowb.net@0.0.1
12 verbose cwd C:\Users\Stephen_Kramer\Documents\GitHub\Vowb-Net
13 error Windows_NT 6.3.9600
14 error argv "C:\\Program Files (x86)\\nodejs\\\\node.exe" "C:\\Program Files (x86)\\nodejs\\node_modules\\npm\\bin\\npm-cli.js" "start"
15 error node v0.12.0
16 error npm  v2.5.1
17 error code ELIFECYCLE
18 error Vowb.net@0.0.1 start: `node ./bin/www`
18 error Exit status 1
19 error Failed at the Vowb.net@0.0.1 start script 'node ./bin/www'.
19 error This is most likely a problem with the Vowb.net package,
19 error not with npm itself.
19 error Tell the author that this fails on your system:
19 error     node ./bin/www
19 error You can get their info via:
19 error     npm owner ls Vowb.net
19 error There is likely additional logging output above.
20 verbose exit [ 1, true ]
>>>>>>> 6ec043e0cfd98d26104000dd4056fc2b4f23aa9b
